Arguments: 
  C:\Program Files\nodejs\node.exe C:\Program Files (x86)\Yarn\bin\yarn.js install

PATH: 
  C:\Program Files\Git\mingw64\bin;C:\Program Files\Git\usr\bin;C:\Users\Luck\bin;C:\Program Files (x86)\Common Files\NetSarang;C:\ProgramData\Oracle\Java\javapath;C:\WINDOWS\system32;C:\WINDOWS;C:\WINDOWS\System32\Wbem;C:\WINDOWS\System32\WindowsPowerShell\v1.0;D:\phantomjs\bin;C:\Python27;C:\Program Files\nodejs\node_modules\casperjs\bin;C:\Program Files\Microsoft SQL Server\130\Tools\Binn;C:\Program Files\Git\cmd;C:\Program Files\TortoiseSVN\bin;C:\WINDOWS\System32\OpenSSH;C:\Program Files\nodejs;C:\Program Files (x86)\Yarn\bin;C:\Ruby22-x64\bin;C:\Users\Luck\AppData\Local\Microsoft\WindowsApps;C:\Users\Luck\AppData\Local\Programs\Fiddler;D:\Program Files\Microsoft VS Code\bin;C:\Users\Luck\AppData\Local\Microsoft\WindowsApps;D:\Program Files\Docker Toolbox;D:\VSCode\Microsoft VS Code\bin;C:\Users\Luck\AppData\Roaming\npm;C:\Users\Luck\AppData\Local\Yarn\bin;C:\Users\Luck\AppData\Local\atom\bin

Yarn version: 
  1.13.0

Node version: 
  10.15.1

Platform: 
  win32 x64

Trace: 
  Error: ENOENT: no such file or directory, copyfile 'C:\Users\Luck\AppData\Local\Yarn\Cache\v4\npm-ms-2.1.1-30a5864eb3ebb0a66f2ebe6d727af06a09d86e0a\node_modules\ms\index.js' -> 'D:\Git\ynw-utils\node_modules\@babel\core\node_modules\ms\index.js'

npm manifest: 
  {
    "name": "react-project",
    "version": "1.0.0",
    "description": "react-project",
    "main": "",
    "scripts": {
      "start": "ynw build=app entry=app/index env=hot"
    },
    "author": "liqiang0335@qq.com",
    "license": "ISC",
    "dependencies": {
      "antd": "latest",
      "axios": "latest",
      "classnames": "latest",
      "date-fns": "latest",
      "localforage": "latest",
      "lodash": "latest",
      "mobx": "latest",
      "mobx-react": "latest",
      "prop-types": "latest",
      "querystring": "latest",
      "react": "latest",
      "react-dom": "latest",
      "react-loadable": "latest",
      "react-redux": "latest",
      "react-router": "latest",
      "react-router-dom": "latest",
      "redux": "latest",
      "redux-observable": "latest",
      "redux-actions": "latest",
      "reselect": "latest",
      "rxjs": "latest",
      "styled-components": "latest",
      "core-js": "latest",
      "ynw": "latest"
    },
    "devDependencies": {
      "@babel/core": "^7.3.4",
      "@babel/plugin-proposal-async-generator-functions": "^7.2.0",
      "@babel/plugin-proposal-class-properties": "^7.3.4",
      "@babel/plugin-proposal-decorators": "^7.3.0",
      "@babel/plugin-proposal-nullish-coalescing-operator": "^7.2.0",
      "@babel/plugin-proposal-optional-chaining": "^7.2.0",
      "@babel/plugin-proposal-pipeline-operator": "^7.3.2",
      "@babel/plugin-syntax-dynamic-import": "^7.2.0",
      "@babel/plugin-transform-dotall-regex": "^7.2.0",
      "@babel/plugin-transform-runtime": "^7.3.4",
      "@babel/polyfill": "^7.2.5",
      "@babel/preset-env": "^7.3.4",
      "@babel/preset-react": "^7.0.0",
      "@babel/runtime": "^7.3.4",
      "autoprefixer": "^9.5.0",
      "babel-eslint": "^10.0.1",
      "babel-loader": "^8.0.5",
      "babel-plugin-ynw ": "latest",
      "babel-plugin-import": "^1.11.0",
      "babel-plugin-component": "^1.1.1",
      "babel-plugin-webpack-async-module-name": "^1.0.2",
      "colors": "^1.3.3",
      "css-loader": "^2.1.1",
      "cssnano": "^4.1.10",
      "download-git-repo": "^1.1.0",
      "eslint": "^5.15.2",
      "eslint-config-standard": "^12.0.0",
      "eslint-plugin-import": "^2.16.0",
      "eslint-plugin-node": "^8.0.1",
      "eslint-plugin-promise": "^4.0.1",
      "eslint-plugin-react": "^7.12.4",
      "eslint-plugin-standard": "^4.0.0",
      "file-loader": "^3.0.1",
      "gulp": "^4.0.0",
      "gulp.spritesmith": "^6.9.0",
      "inquirer": "^6.2.2",
      "less": "^3.9.0",
      "less-loader": "^4.1.0",
      "mini-css-extract-plugin": "^0.5.0",
      "mobx-react-devtools": "^6.1.1",
      "node-sass": "^4.11.0",
      "optimize-css-assets-webpack-plugin": "^5.0.1",
      "ora": "^3.2.0",
      "postcss-loader": "^3.0.0",
      "precss": "^4.0.0",
      "redux-devtools": "^3.5.0",
      "redux-devtools-dock-monitor": "^1.1.3",
      "redux-devtools-log-monitor": "^1.4.0",
      "redux-logger": "^3.0.6",
      "sass-loader": "^7.1.0",
      "sass-resources-loader": "^2.0.0",
      "style-loader": "^0.23.1",
      "uglify-template-string-loader": "^1.1.0",
      "uglifyjs-webpack-plugin": "^2.1.2",
      "url-loader": "^1.1.2",
      "vue-loader": "^15.7.0",
      "vue-style-loader": "^4.1.2",
      "vue-template-compiler": "^2.6.9",
      "webpack": "^4.29.6",
      "webpack-dev-server": "^3.2.1",
      "webpack-bundle-analyzer": "latest",
      "ynw-loader": "latest"
    }
  }

yarn manifest: 
  No manifest

Lockfile: 
  No lockfile
